2021-04-16 11:33:21: -- Analysis Started by User Command
2021-04-16 11:33:21: L: State file does not exist: /Users/andrea/Documents/_DBXAndrea/Dropbox/_Lavoro/MyUtilities/RPackages/drcSeedGerm/_gsdata_/_file_state_v4._gs
2021-04-16 11:33:21: R: State file does not exist: /Users/andrea/Documents/_DBXAndrea/Dropbox/_Lavoro/MyUtilities/RPackages/drcSeedGermDevel/_gsdata_/_file_state_v4._gs
2021-04-16 11:33:21: /data/phalaris.rda: Conflict: New files that differ
2021-04-16 11:33:21: /drcSeedGerm.Rproj: Conflict: New files that differ
2021-04-16 11:33:21: /man/jackGroup.Rd: Conflict: New files that differ
2021-04-16 11:33:21: /man/makeDrm2.Rd: Conflict: New files that differ
2021-04-16 11:33:21: /NAMESPACE: Conflict: New files that differ
2021-04-16 11:33:21: /R/modified_predict.drc.R: Conflict: New files that differ
2021-04-16 11:33:21: /R/predictSG.drc.R: Conflict: New files that differ
2021-04-16 11:33:21: /R/quantileSG.R: Conflict: New files that differ
2021-04-16 11:33:21: Analyze has finished with Conflicts. Resolve Conflicts by selecting the correct sync direction, then click Sync
2021-04-16 11:33:21: Changes: 11, Conflicts: 8, CopyTime: 0, FixState: 93, Errors: 0, All: 117
2021-04-16 11:33:21: Right to Left: Copy File: 3 
2021-04-16 11:33:21: -- Analysis Complete. Time 00:00:00, Speed: Many files/s
2021-04-16 11:33:21: 
2021-04-16 11:34:53: == Sync Started by User Command
2021-04-16 11:34:53: Create Folder '/Users/andrea/Documents/_DBXAndrea/Dropbox/_Lavoro/MyUtilities/RPackages/drcSeedGerm/inst'
2021-04-16 11:34:53: Copy Mod Time of /Users/andrea/Documents/_DBXAndrea/Dropbox/_Lavoro/MyUtilities/RPackages/drcSeedGermDevel/data/phalaris.rda to /Users/andrea/Documents/_DBXAndrea/Dropbox/_Lavoro/MyUtilities/RPackages/drcSeedGerm/data/phalaris.rda
2021-04-16 11:34:53: /drcSeedGerm.Rproj: unresolved conflict results in No Copy
2021-04-16 11:34:53: Copy New '/Users/andrea/Documents/_DBXAndrea/Dropbox/_Lavoro/MyUtilities/RPackages/drcSeedGermDevel/inst/CITATION' -> '/Users/andrea/Documents/_DBXAndrea/Dropbox/_Lavoro/MyUtilities/RPackages/drcSeedGerm/inst/CITATION' (687)
2021-04-16 11:34:53: Copy Over '/Users/andrea/Documents/_DBXAndrea/Dropbox/_Lavoro/MyUtilities/RPackages/drcSeedGermDevel/man/jackGroup.Rd' -> '/Users/andrea/Documents/_DBXAndrea/Dropbox/_Lavoro/MyUtilities/RPackages/drcSeedGerm/man/jackGroup.Rd' (1852) (User Action)
2021-04-16 11:34:53: Copy Over '/Users/andrea/Documents/_DBXAndrea/Dropbox/_Lavoro/MyUtilities/RPackages/drcSeedGermDevel/man/makeDrm2.Rd' -> '/Users/andrea/Documents/_DBXAndrea/Dropbox/_Lavoro/MyUtilities/RPackages/drcSeedGerm/man/makeDrm2.Rd' (2234) (User Action)
2021-04-16 11:34:53: /NAMESPACE: unresolved conflict results in No Copy
2021-04-16 11:34:53: Copy Over '/Users/andrea/Documents/_DBXAndrea/Dropbox/_Lavoro/MyUtilities/RPackages/drcSeedGerm/R/modified_predict.drc.R' -> '/Users/andrea/Documents/_DBXAndrea/Dropbox/_Lavoro/MyUtilities/RPackages/drcSeedGermDevel/R/modified_predict.drc.R' (7669) (User Action)
2021-04-16 11:34:53: Copy Over '/Users/andrea/Documents/_DBXAndrea/Dropbox/_Lavoro/MyUtilities/RPackages/drcSeedGerm/R/predictSG.drc.R' -> '/Users/andrea/Documents/_DBXAndrea/Dropbox/_Lavoro/MyUtilities/RPackages/drcSeedGermDevel/R/predictSG.drc.R' (8233) (User Action)
2021-04-16 11:34:53: Copy Over '/Users/andrea/Documents/_DBXAndrea/Dropbox/_Lavoro/MyUtilities/RPackages/drcSeedGerm/R/quantileSG.R' -> '/Users/andrea/Documents/_DBXAndrea/Dropbox/_Lavoro/MyUtilities/RPackages/drcSeedGermDevel/R/quantileSG.R' (4582) (User Action)
2021-04-16 11:34:53: Copy New '/Users/andrea/Documents/_DBXAndrea/Dropbox/_Lavoro/MyUtilities/RPackages/drcSeedGermDevel/README.md' -> '/Users/andrea/Documents/_DBXAndrea/Dropbox/_Lavoro/MyUtilities/RPackages/drcSeedGerm/README.md' (351)
2021-04-16 11:34:53: == Sync Complete. Time: 00:00:00, Speed: 0.0/s, OK: 102, Errors: 0
2021-04-16 11:34:53: 
2021-04-16 11:35:08: == Sync Started by User Command
2021-04-16 11:35:08: /drcSeedGerm.Rproj: unresolved conflict results in No Copy
2021-04-16 11:35:08: /NAMESPACE: unresolved conflict results in No Copy
2021-04-16 11:35:08: == Sync Complete. Time: 00:00:00, Speed: 0.0/s, OK: 0, Errors: 0
2021-04-16 11:35:08: 
